
[     UTC     ] Logs for webrover-deepseekr1viagrokchatbot.streamlit.app/
────────────────────────────────────────────────────────────────────────────────────────
[17:46:55] 🖥 Provisioning machine...
[17:46:55] 🎛 Preparing system...
[17:46:55] ⛓ Spinning up manager process...
[17:46:57] 🚀 Starting up repository: 'public-chatbot', branch: 'main', main module: 'streamlit_app.py'
[17:46:57] 🐙 Cloning repository...
[17:46:58] 🐙 Cloning into '/mount/src/public-chatbot'...

[17:46:58] 🐙 Cloned repository!
[17:46:58] 🐙 Pulling code changes from Github...
[17:46:58] 📦 Processing dependencies...

──────────────────────────────────────── uv ───────────────────────────────────────────

Using uv pip install.
Using Python 3.12.9 environment at /home/adminuser/venv
Resolved 47 packages in 430ms
  × Failed to download and build `pillow==9.5.0`
  ╰─▶ Build backend failed to build wheel through `build_wheel` (exit status:
      1)

      [stdout][2025-03-02 17:47:03.756909] 
      running bdist_wheel
      running build
      running build_py
      creating build/lib.linux-x86_64-cpython-312/PIL
      copying src/PIL/IptcImagePlugin.py ->
      build/lib.linux-x86_64-cpython-312/PIL
      copying src/PIL/MicImagePlugin.py ->
      build/lib.linux-x86_64-cpython-312/PIL
      copying src/PIL/ImageCms.py -> build/lib.linux-x86_64-cpython-312/PIL
      copying src/PIL/BufrStubImagePlugin.py ->
      build/lib.linux-x86_64-cpython-312/PIL
      copying src/PIL/_util.py -> build/lib.linux-x86_64-cpython-312/PIL
      copying src/PIL/McIdasImagePlugin.py ->
      build/lib.linux-x86_64-cpython-312/PIL
      copying src/PIL/PixarImagePlugin.py ->
      build/lib.linux-x86_64-cpython-312/PIL
      copying src/PIL/PdfParser.py -> build/lib.linux-x86_64-cpython-312/PIL
      copying src/PIL/_binary.py -> build/lib.linux-x86_64-cpython-312/PIL
      copying src/PIL/ImageDraw2.py -> build/lib.linux-x86_64-cpython-312/PIL
      copying src/PIL/IcoImagePlugin.py ->
      build/lib.linux-x86_64-cpython-312/PIL
      copying src/PIL/FontFile.py -> build/lib.linux-x86_64-cpython-312/PIL
      copying src/PIL/ImtImagePlugin.py ->
      build/lib.linux-x86_64-cpython-312/PIL
      copying src/PIL/XpmImagePlugin.py ->
      build/lib.linux-x86_64-cpython-312/PIL
      copying src/PIL/ImageTransform.py ->
      build/lib.linux-x86_64-cpython-312/PIL
      copying src/PIL/ImageFilter.py -> build/lib.linux-x86_64-cpython-312/PIL
      copying src/PIL/ImageMode.py -> build/lib.linux-x86_64-cpython-312/PIL
      copying src/PIL/ImImagePlugin.py ->
      build/lib.linux-x86_64-cpython-312/PIL
      copying src/PIL/ImageMath.py -> build/lib.linux-x86_64-cpython-312/PIL
      copying src/PIL/DdsImagePlugin.py ->
      build/lib.linux-x86_64-cpython-312/PIL
      copying src/PIL/__main__.py -> build/lib.linux-x86_64-cpython-312/PIL
      copying src/PIL/PdfImagePlugin.py ->
      build/lib.linux-x86_64-cpython-312/PIL
      copying src/PIL/_deprecate.py -> build/lib.linux-x86_64-cpython-312/PIL
      copying src/PIL/SpiderImagePlugin.py ->
      build/lib.linux-x86_64-cpython-312/PIL
      copying src/PIL/ImageQt.py -> build/lib.linux-x86_64-cpython-312/PIL
      copying src/PIL/ImageEnhance.py ->
      build/lib.linux-x86_64-cpython-312/PIL
      copying src/PIL/IcnsImagePlugin.py ->
      build/lib.linux-x86_64-cpython-312/PIL
      copying src/PIL/ImageFont.py -> build/lib.linux-x86_64-cpython-312/PIL
      copying src/PIL/FliImagePlugin.py ->
      build/lib.linux-x86_64-cpython-312/PIL
      copying src/PIL/EpsImagePlugin.py ->
      build/lib.linux-x86_64-cpython-312/PIL
      copying src/PIL/FtexImagePlugin.py ->
      build/lib.linux-x86_64-cpython-312/PIL
      copying src/PIL/Jpeg2KImagePlugin.py ->
      build/lib.linux-x86_64-cpython-312/PIL
      copying src/PIL/XVThumbImagePlugin.py ->
      build/lib.linux-x86_64-cpython-312/PIL
      copying src/PIL/XbmImagePlugin.py ->
      build/lib.linux-x86_64-cpython-312/PIL
      copying src/PIL/ImageFile.py -> build/lib.linux-x86_64-cpython-312/PIL
      copying src/PIL/features.py -> build/lib.linux-x86_64-cpython-312/PIL
      copying src/PIL/ImagePath.py -> build/lib.linux-x86_64-cpython-312/PIL
      copying src/PIL/SgiImagePlugin.py ->
      build/lib.linux-x86_64-cpython-312/PIL
      copying src/PIL/DcxImagePlugin.py ->
      build/lib.linux-x86_64-cpython-312/PIL
      copying src/PIL/WmfImagePlugin.py ->
      build/lib.linux-x86_64-cpython-312/PIL
      copying src/PIL/_tkinter_finder.py ->
      build/lib.linux-x86_64-cpython-312/PIL
      copying src/PIL/Hdf5StubImagePlugin.py ->
      build/lib.linux-x86_64-cpython-312/PIL
      copying src/PIL/BdfFontFile.py -> build/lib.linux-x86_64-cpython-312/PIL
      copying src/PIL/ImagePalette.py ->
      build/lib.linux-x86_64-cpython-312/PIL
      copying src/PIL/PpmImagePlugin.py ->
      build/lib.linux-x86_64-cpython-312/PIL
      copying src/PIL/ImageStat.py -> build/lib.linux-x86_64-cpython-312/PIL
      copying src/PIL/PSDraw.py -> build/lib.linux-x86_64-cpython-312/PIL
      copying src/PIL/PngImagePlugin.py ->
      build/lib.linux-x86_64-cpython-312/PIL
      copying src/PIL/JpegImagePlugin.py ->
      build/lib.linux-x86_64-cpython-312/PIL
      copying src/PIL/QoiImagePlugin.py ->
      build/lib.linux-x86_64-cpython-312/PIL
      copying src/PIL/ImageColor.py -> build/lib.linux-x86_64-cpython-312/PIL
      copying src/PIL/BmpImagePlugin.py ->
      build/lib.linux-x86_64-cpython-312/PIL
      copying src/PIL/PsdImagePlugin.py ->
      build/lib.linux-x86_64-cpython-312/PIL
      copying src/PIL/PcdImagePlugin.py ->
      build/lib.linux-x86_64-cpython-312/PIL
      copying src/PIL/MpegImagePlugin.py ->
      build/lib.linux-x86_64-cpython-312/PIL
      copying src/PIL/PalmImagePlugin.py ->
      build/lib.linux-x86_64-cpython-312/PIL
      copying src/PIL/FitsStubImagePlugin.py ->
      build/lib.linux-x86_64-cpython-312/PIL
      copying src/PIL/GifImagePlugin.py ->
      build/lib.linux-x86_64-cpython-312/PIL
      copying src/PIL/PcxImagePlugin.py ->
      build/lib.linux-x86_64-cpython-312/PIL
      copying src/PIL/WebPImagePlugin.py ->
      build/lib.linux-x86_64-cpython-312/PIL
      copying src/PIL/FitsImagePlugin.py ->
      build/lib.linux-x86_64-cpython-312/PIL
      copying src/PIL/ImageDraw.py -> build/lib.linux-x86_64-cpython-312/PIL
      copying src/PIL/TiffImagePlugin.py ->
      build/lib.linux-x86_64-cpython-312/PIL
      copying src/PIL/SunImagePlugin.py ->
      build/lib.linux-x86_64-cpython-312/PIL
      copying src/PIL/MpoImagePlugin.py ->
      build/lib.linux-x86_64-cpython-312/PIL
      copying src/PIL/GdImageFile.py -> build/lib.linux-x86_64-cpython-312/PIL
      copying src/PIL/ImageOps.py -> build/lib.linux-x86_64-cpython-312/PIL
      copying src/PIL/ImageTk.py -> build/lib.linux-x86_64-cpython-312/PIL
      copying src/PIL/MspImagePlugin.py ->
      build/lib.linux-x86_64-cpython-312/PIL
      copying src/PIL/BlpImagePlugin.py ->
      build/lib.linux-x86_64-cpython-312/PIL
      copying src/PIL/PyAccess.py -> build/lib.linux-x86_64-cpython-312/PIL
      copying src/PIL/ImageSequence.py ->
      build/lib.linux-x86_64-cpython-312/PIL
      copying src/PIL/PaletteFile.py -> build/lib.linux-x86_64-cpython-312/PIL
      copying src/PIL/ImageGrab.py -> build/lib.linux-x86_64-cpython-312/PIL
      copying src/PIL/GimpGradientFile.py ->
      build/lib.linux-x86_64-cpython-312/PIL
      copying src/PIL/ImageShow.py -> build/lib.linux-x86_64-cpython-312/PIL
      copying src/PIL/FpxImagePlugin.py ->
      build/lib.linux-x86_64-cpython-312/PIL
      copying src/PIL/ImageMorph.py -> build/lib.linux-x86_64-cpython-312/PIL
      copying src/PIL/TgaImagePlugin.py ->
      build/lib.linux-x86_64-cpython-312/PIL
      copying src/PIL/ImageWin.py -> build/lib.linux-x86_64-cpython-312/PIL
      copying src/PIL/GbrImagePlugin.py ->
      build/lib.linux-x86_64-cpython-312/PIL
      copying src/PIL/_version.py -> build/lib.linux-x86_64-cpython-312/PIL
      copying src/PIL/GribStubImagePlugin.py ->
      build/lib.linux-x86_64-cpython-312/PIL
      copying src/PIL/GimpPaletteFile.py ->
      build/lib.linux-x86_64-cpython-312/PIL
      copying src/PIL/PcfFontFile.py -> build/lib.linux-x86_64-cpython-312/PIL
      copying src/PIL/ImageChops.py -> build/lib.linux-x86_64-cpython-312/PIL
      copying src/PIL/TarIO.py -> build/lib.linux-x86_64-cpython-312/PIL
      copying src/PIL/__init__.py -> build/lib.linux-x86_64-cpython-312/PIL
      copying src/PIL/Image.py -> build/lib.linux-x86_64-cpython-312/PIL
      copying src/PIL/CurImagePlugin.py ->
      build/lib.linux-x86_64-cpython-312/PIL
      copying src/PIL/TiffTags.py -> build/lib.linux-x86_64-cpython-312/PIL
      copying src/PIL/ContainerIO.py -> build/lib.linux-x86_64-cpython-312/PIL
      copying src/PIL/JpegPresets.py -> build/lib.linux-x86_64-cpython-312/PIL
      copying src/PIL/WalImageFile.py ->
      build/lib.linux-x86_64-cpython-312/PIL
      copying src/PIL/ExifTags.py -> build/lib.linux-x86_64-cpython-312/PIL
      running egg_info
      writing src/Pillow.egg-info/PKG-INFO
      writing dependency_links to src/Pillow.egg-info/dependency_links.txt
      writing requirements to src/Pillow.egg-info/requires.txt
      writing top-level names to src/Pillow.egg-info/top_level.txt
      reading manifest file 'src/Pillow.egg-info/SOURCES.txt'
      reading manifest template 'MANIFEST.in'
      adding license file 'LICENSE'
      writing manifest file 'src/Pillow.egg-info/SOURCES.txt'
      running build_ext

      [stderr]
      warning: no files found matching '*.c'
      warning: no files found matching '*.h'
      warning: no files found matching '*.sh'
      warning: no files found matching '*.txt'
      warning: no previously-included files found matching '.appveyor.yml'
      warning: no previously-included files found matching '.clang-format'
      warning: no previously-included files found matching '.coveragerc'
      warning: no previously-included files found matching '.editorconfig'
      warning: no previously-included files found matching '.readthedocs.yml'
      warning: no previously-included files found matching 'codecov.yml'
      warning: no previously-included files found matching 'renovate.json'
      warning: no previously-included files matching '.git*' found anywhere
      in distribution
      warning: no previously-included files matching '*.pyc' found anywhere
      in distribution
      warning: no previously-included files matching '*.so' found anywhere
      in distribution
      no previously-included directories found matching '.ci'


      The headers or library files could not be found for zlib,
      a required dependency when compiling Pillow from source.

      Please see the install instructions at:
         https://pillow.readthedocs.io/en/latest/installation.html

      Traceback (most recent call last):
        File "<string>", line 993, in <module>
        File
      "/home/adminuser/.cache/uv/builds-v0/.tmpWLpvP6/lib/python3.12/site-packages/setuptools/__init__.py",
      line 117, in setup
          return distutils.core.setup(**attrs)
                 ^^^^^^^^^^^^^^^^^^^^^^^^^^^^^
        File
      "/home/adminuser/.cache/uv/builds-v0/.tmpWLpvP6/lib/python3.12/site-packages/setuptools/_distutils/core.py",
      line 186, in setup
          return run_commands(dist)
                 ^^^^^^^^^^^^^^^^^^
        File
      "/home/adminuser/.cache/uv/builds-v0/.tmpWLpvP6/lib/python3.12/site-packages/setuptools/_distutils/core.py",
      line 202, in run_commands
          dist.run_commands()
        File
      "/home/adminuser/.cache/uv/builds-v0/.tmpWLpvP6/lib/python3.12/site-packages/setuptools/_distutils/dist.py",
      line 983, in run_commands
          self.run_command(cmd)
        File
      "/home/adminuser/.cache/uv/builds-v0/.tmpWLpvP6/lib/python3.12/site-packages/setuptools/dist.py",
      line 999, in run_command
          super().run_command(command)
        File
      "/home/adminuser/.cache/uv/builds-v0/.tmpWLpvP6/lib/python3.12/site-packages/setuptools/_distutils/dist.py",
      line 1002, in run_command
          cmd_obj.run()
        File
      "/home/adminuser/.cache/uv/builds-v0/.tmpWLpvP6/lib/python3.12/site-packages/setuptools/command/bdist_wheel.py",
      line 369, in run
          self.run_command("build")
        File
      "/home/adminuser/.cache/uv/builds-v0/.tmpWLpvP6/lib/python3.12/site-packages/setuptools/_distutils/cmd.py",
      line 339, in run_command
          self.distribution.run_command(command)
        File
      "/home/adminuser/.cache/uv/builds-v0/.tmpWLpvP6/lib/python3.12/site-packages/setuptools/dist.py",
      line 999, in run_command
          super().run_command(command)
        File
      "/home/adminuser/.cache/uv/builds-v0/.tmpWLpvP6/lib/python3.12/site-packages/setuptools/_distutils/dist.py",
      line 1002, in run_command
          cmd_obj.run()
        File
      "/home/adminuser/.cache/uv/builds-v0/.tmpWLpvP6/lib/python3.12/site-packages/setuptools/_distutils/command/build.py",
      line 136, in run
          self.run_command(cmd_name)
        File
      "/home/adminuser/.cache/uv/builds-v0/.tmpWLpvP6/lib/python3.12/site-packages/setuptools/_distutils/cmd.py",
      line 339, in run_command
          self.distribution.run_command(command)
        File
      "/home/adminuser/.cache/uv/builds-v0/.tmpWLpvP6/lib/python3.12/site-packages/setuptools/dist.py",
      line 999, in run_command
          super().run_command(command)
        File
      "/home/adminuser/.cache/uv/builds-v0/.tmpWLpvP6/lib/python3.12/site-packages/setuptools/_distutils/dist.py",
      line 1002, in run_command
          cmd_obj.run()
        File
      "/home/adminuser/.cache/uv/builds-v0/.tmpWLpvP6/lib/python3.12/site-packages/setuptools/command/build_ext.py",
      line 99, in run
          _build_ext.run(self)
        File
      "/home/adminuser/.cache/uv/builds-v0/.tmpWLpvP6/lib/python3.12/site-packages/setuptools/_distutils/command/build_ext.py",
      line 365, in run
          self.build_extensions()
        File "<string>", line 809, in build_extensions
      RequiredDependencyException: zlib

      During handling of the above exception, another exception occurred:

      Traceback (most recent call last):
        File "<string>", line 11, in <module>
        File
      "/home/adminuser/.cache/uv/builds-v0/.tmpWLpvP6/lib/python3.12/site-packages/setuptools/build_meta.py",
      line 435, in build_wheel
          return _build(['bdist_wheel'])
                 ^^^^^^^^^^^^^^^^^^^^^^^
        File
      "/home/adminuser/.cache/uv/builds-v0/.tmpWLpvP6/lib/python3.12/site-packages/setuptools/build_meta.py",
      line 426, in _build
          return self._build_with_temp_dir(
                 ^^^^^^^^^^^^^^^^^^^^^^^^^^
        File
      "/home/adminuser/.cache/uv/builds-v0/.tmpWLpvP6/lib/python3.12/site-packages/setuptools/build_meta.py",
      line 407, in _build_with_temp_dir
          self.run_setup()
        File
      "/home/adminuser/.cache/uv/builds-v0/.tmpWLpvP6/lib/python3.12/site-packages/setuptools/build_meta.py",
      line 522, in run_setup
          super().run_setup(setup_script=setup_script)
        File
      "/home/adminuser/.cache/uv/builds-v0/.tmpWLpvP6/lib/python3.12/site-packages/setuptools/build_meta.py",
      line 320, in run_setup
          exec(code, locals())
        File "<string>", line 1010, in <module>
      RequiredDependencyException:

      The headers or library files could not be found for zlib,
      a required dependency when compiling Pillow from source.

      Please see the install instructions at:
         https://pillow.readthedocs.io/en/latest/installation.html



  help: `pillow` was included because `streamlit==1.25.0` depends on
        `pillow`
Checking if Streamlit is installed
Installing rich for an improved exception logging
Using uv pip install.
Using Python 3.12.9 environment at /home/adminuser/venv
Resolved 4 packages in 4ms
Installed 4 packages in 20ms
 + markdown-it-py==3.0.0
 + mdurl==0.1.2
 + pygments==2.19.1
 + rich==13.9.4

────────────────────────────────────────────────────────────────────────────────────────


──────────────────────────────────────── pip ───────────────────────────────────────────

Using standard pip install.
Collecting streamlit==1.25.0 (from -r /mount/src/public-chatbot/requirements.txt (line 1))
  Downloading streamlit-1.25.0-py2.py3-none-any.whl.metadata (8.1 kB)
Collecting requests==2.31.0 (from -r /mount/src/public-chatbot/requirements.txt (line 2))
  Downloading requests-2.31.0-py3-none-any.whl.metadata (4.6 kB)
Collecting altair<6,>=4.0 (from streamlit==1.25.0->-r /mount/src/public-chatbot/requirements.txt (line 1))
  Downloading altair-5.5.0-py3-none-any.whl.metadata (11 kB)
Collecting blinker<2,>=1.0.0 (from streamlit==1.25.0->-r /mount/src/public-chatbot/requirements.txt (line 1))
  Downloading blinker-1.9.0-py3-none-any.whl.metadata (1.6 kB)
Collecting cachetools<6,>=4.0 (from streamlit==1.25.0->-r /mount/src/public-chatbot/requirements.txt (line 1))
  Downloading cachetools-5.5.2-py3-none-any.whl.metadata (5.4 kB)
Collecting click<9,>=7.0 (from streamlit==1.25.0->-r /mount/src/public-chatbot/requirements.txt (line 1))
  Downloading click-8.1.8-py3-none-any.whl.metadata (2.3 kB)
Collecting importlib-metadata<7,>=1.4 (from streamlit==1.25.0->-r /mount/src/public-chatbot/requirements.txt (line 1))
  Downloading importlib_metadata-6.11.0-py3-none-any.whl.metadata (4.9 kB)
Collecting numpy<2,>=1.19.3 (from streamlit==1.25.0->-r /mount/src/public-chatbot/requirements.txt (line 1))
  Downloading numpy-1.26.4-cp312-cp312-manylinux_2_17_x86_64.manylinux2014_x86_64.whl.metadata (61 kB)
     ━━━━━━━━━━━━━━━━━━━━━━━━━━━━━━━━━━━━━━━━ 61.0/61.0 kB 2.8 MB/s eta 0:00:00[2025-03-02 17:47:06.626897] 
Collecting packaging<24,>=16.8 (from streamlit==1.25.0->-r /mount/src/public-chatbot/requirements.txt (line 1))
  Downloading packaging-23.2-py3-none-any.whl.metadata (3.2 kB)
Collecting pandas<3,>=1.3.0 (from streamlit==1.25.0->-r /mount/src/public-chatbot/requirements.txt (line 1))
  Downloading pandas-2.2.3-cp312-cp312-manylinux_2_17_x86_64.manylinux2014_x86_64.whl.metadata (89 kB)
     ━━━━━━━━━━━━━━━━━━━━━━━━━━━━━━━━━━━━━━━━ 89.9/89.9 kB 15.9 MB/s eta 0:00:00[2025-03-02 17:47:07.001766] 
Collecting pillow<10,>=7.1.0 (from streamlit==1.25.0->-r /mount/src/public-chatbot/requirements.txt (line 1))
  Downloading Pillow-9.5.0.tar.gz (50.5 MB)
     ━━━━━━━━━━━━━━━━━━━━━━━━━━━━━━━━━━━━━━━ 50.5/50.5 MB 187.4 MB/s eta 0:00:00[2025-03-02 17:47:07.881671] 
  Installing build dependencies: started
  Installing build dependencies: finished with status 'done'
  Getting requirements to build wheel: started
  Getting requirements to build wheel: finished with status 'done'
  Preparing metadata (pyproject.toml): started
  Preparing metadata (pyproject.toml): finished with status 'done'
Collecting protobuf<5,>=3.20 (from streamlit==1.25.0->-r /mount/src/public-chatbot/requirements.txt (line 1))
  Downloading protobuf-4.25.6-cp37-abi3-manylinux2014_x86_64.whl.metadata (541 bytes)
Collecting pyarrow>=6.0 (from streamlit==1.25.0->-r /mount/src/public-chatbot/requirements.txt (line 1))
  Downloading pyarrow-19.0.1-cp312-cp312-manylinux_2_28_x86_64.whl.metadata (3.3 kB)
Collecting pympler<2,>=0.9 (from streamlit==1.25.0->-r /mount/src/public-chatbot/requirements.txt (line 1))
  Downloading Pympler-1.1-py3-none-any.whl.metadata (3.6 kB)
Collecting python-dateutil<3,>=2.7.3 (from streamlit==1.25.0->-r /mount/src/public-chatbot/requirements.txt (line 1))
  Downloading python_dateutil-2.9.0.post0-py2.py3-none-any.whl.metadata (8.4 kB)
Collecting rich<14,>=10.14.0 (from streamlit==1.25.0->-r /mount/src/public-chatbot/requirements.txt (line 1))
  Downloading rich-13.9.4-py3-none-any.whl.metadata (18 kB)
Collecting tenacity<9,>=8.1.0 (from streamlit==1.25.0->-r /mount/src/public-chatbot/requirements.txt (line 1))
  Downloading tenacity-8.5.0-py3-none-any.whl.metadata (1.2 kB)
Collecting toml<2,>=0.10.1 (from streamlit==1.25.0->-r /mount/src/public-chatbot/requirements.txt (line 1))
  Downloading toml-0.10.2-py2.py3-none-any.whl.metadata (7.1 kB)
Collecting typing-extensions<5,>=4.1.0 (from streamlit==1.25.0->-r /mount/src/public-chatbot/requirements.txt (line 1))
  Downloading typing_extensions-4.12.2-py3-none-any.whl.metadata (3.0 kB)
Collecting tzlocal<5,>=1.1 (from streamlit==1.25.0->-r /mount/src/public-chatbot/requirements.txt (line 1))
  Downloading tzlocal-4.3.1-py3-none-any.whl.metadata (14 kB)
Collecting validators<1,>=0.2 (from streamlit==1.25.0->-r /mount/src/public-chatbot/requirements.txt (line 1))
  Downloading validators-0.34.0-py3-none-any.whl.metadata (3.8 kB)
Collecting gitpython!=3.1.19,<4,>=3.0.7 (from streamlit==1.25.0->-r /mount/src/public-chatbot/requirements.txt (line 1))
  Downloading GitPython-3.1.44-py3-none-any.whl.metadata (13 kB)
Collecting pydeck<1,>=0.8 (from streamlit==1.25.0->-r /mount/src/public-chatbot/requirements.txt (line 1))
  Downloading pydeck-0.9.1-py2.py3-none-any.whl.metadata (4.1 kB)
Collecting tornado<7,>=6.0.3 (from streamlit==1.25.0->-r /mount/src/public-chatbot/requirements.txt (line 1))
  Downloading tornado-6.4.2-cp38-abi3-manylinux_2_5_x86_64.manylinux1_x86_64.manylinux_2_17_x86_64.manylinux2014_x86_64.whl.metadata (2.5 kB)
Collecting watchdog>=2.1.5 (from streamlit==1.25.0->-r /mount/src/public-chatbot/requirements.txt (line 1))
  Downloading watchdog-6.0.0-py3-none-manylinux2014_x86_64.whl.metadata (44 kB)
     ━━━━━━━━━━━━━━━━━━━━━━━━━━━━━━━━━━━━━━━━ 44.3/44.3 kB 98.5 MB/s eta 0:00:00[2025-03-02 17:47:15.238555] 
Collecting charset-normalizer<4,>=2 (from requests==2.31.0->-r /mount/src/public-chatbot/requirements.txt (line 2))
  Downloading charset_normalizer-3.4.1-cp312-cp312-manylinux_2_17_x86_64.manylinux2014_x86_64.whl.metadata (35 kB)
Collecting idna<4,>=2.5 (from requests==2.31.0->-r /mount/src/public-chatbot/requirements.txt (line 2))
  Downloading idna-3.10-py3-none-any.whl.metadata (10 kB)
Collecting urllib3<3,>=1.21.1 (from requests==2.31.0->-r /mount/src/public-chatbot/requirements.txt (line 2))
  Downloading urllib3-2.3.0-py3-none-any.whl.metadata (6.5 kB)
Collecting certifi>=2017.4.17 (from requests==2.31.0->-r /mount/src/public-chatbot/requirements.txt (line 2))
  Downloading certifi-2025.1.31-py3-none-any.whl.metadata (2.5 kB)
Collecting jinja2 (from altair<6,>=4.0->streamlit==1.25.0->-r /mount/src/public-chatbot/requirements.txt (line 1))
  Downloading jinja2-3.1.5-py3-none-any.whl.metadata (2.6 kB)
Collecting jsonschema>=3.0 (from altair<6,>=4.0->streamlit==1.25.0->-r /mount/src/public-chatbot/requirements.txt (line 1))
  Downloading jsonschema-4.23.0-py3-none-any.whl.metadata (7.9 kB)
Collecting narwhals>=1.14.2 (from altair<6,>=4.0->streamlit==1.25.0->-r /mount/src/public-chatbot/requirements.txt (line 1))
  Downloading narwhals-1.28.0-py3-none-any.whl.metadata (10 kB)
Collecting gitdb<5,>=4.0.1 (from gitpython!=3.1.19,<4,>=3.0.7->streamlit==1.25.0->-r /mount/src/public-chatbot/requirements.txt (line 1))
  Downloading gitdb-4.0.12-py3-none-any.whl.metadata (1.2 kB)
Collecting zipp>=0.5 (from importlib-metadata<7,>=1.4->streamlit==1.25.0->-r /mount/src/public-chatbot/requirements.txt (line 1))
  Downloading zipp-3.21.0-py3-none-any.whl.metadata (3.7 kB)
Collecting pytz>=2020.1 (from pandas<3,>=1.3.0->streamlit==1.25.0->-r /mount/src/public-chatbot/requirements.txt (line 1))
  Downloading pytz-2025.1-py2.py3-none-any.whl.metadata (22 kB)
Collecting tzdata>=2022.7 (from pandas<3,>=1.3.0->streamlit==1.25.0->-r /mount/src/public-chatbot/requirements.txt (line 1))
  Downloading tzdata-2025.1-py2.py3-none-any.whl.metadata (1.4 kB)
Collecting six>=1.5 (from python-dateutil<3,>=2.7.3->streamlit==1.25.0->-r /mount/src/public-chatbot/requirements.txt (line 1))
  Downloading six-1.17.0-py2.py3-none-any.whl.metadata (1.7 kB)
Collecting markdown-it-py>=2.2.0 (from rich<14,>=10.14.0->streamlit==1.25.0->-r /mount/src/public-chatbot/requirements.txt (line 1))
  Downloading markdown_it_py-3.0.0-py3-none-any.whl.metadata (6.9 kB)
Collecting pygments<3.0.0,>=2.13.0 (from rich<14,>=10.14.0->streamlit==1.25.0->-r /mount/src/public-chatbot/requirements.txt (line 1))
  Downloading pygments-2.19.1-py3-none-any.whl.metadata (2.5 kB)
Collecting pytz-deprecation-shim (from tzlocal<5,>=1.1->streamlit==1.25.0->-r /mount/src/public-chatbot/requirements.txt (line 1))
  Downloading pytz_deprecation_shim-0.1.0.post0-py2.py3-none-any.whl.metadata (5.2 kB)
Collecting smmap<6,>=3.0.1 (from gitdb<5,>=4.0.1->gitpython!=3.1.19,<4,>=3.0.7->streamlit==1.25.0->-r /mount/src/public-chatbot/requirements.txt (line 1))
  Downloading smmap-5.0.2-py3-none-any.whl.metadata (4.3 kB)
Collecting MarkupSafe>=2.0 (from jinja2->altair<6,>=4.0->streamlit==1.25.0->-r /mount/src/public-chatbot/requirements.txt (line 1))
  Downloading MarkupSafe-3.0.2-cp312-cp312-manylinux_2_17_x86_64.manylinux2014_x86_64.whl.metadata (4.0 kB)
Collecting attrs>=22.2.0 (from jsonschema>=3.0->altair<6,>=4.0->streamlit==1.25.0->-r /mount/src/public-chatbot/requirements.txt (line 1))
  Downloading attrs-25.1.0-py3-none-any.whl.metadata (10 kB)
Collecting jsonschema-specifications>=2023.03.6 (from jsonschema>=3.0->altair<6,>=4.0->streamlit==1.25.0->-r /mount/src/public-chatbot/requirements.txt (line 1))
  Downloading jsonschema_specifications-2024.10.1-py3-none-any.whl.metadata (3.0 kB)
Collecting referencing>=0.28.4 (from jsonschema>=3.0->altair<6,>=4.0->streamlit==1.25.0->-r /mount/src/public-chatbot/requirements.txt (line 1))
  Downloading referencing-0.36.2-py3-none-any.whl.metadata (2.8 kB)
Collecting rpds-py>=0.7.1 (from jsonschema>=3.0->altair<6,>=4.0->streamlit==1.25.0->-r /mount/src/public-chatbot/requirements.txt (line 1))
  Downloading rpds_py-0.23.1-cp312-cp312-manylinux_2_17_x86_64.manylinux2014_x86_64.whl.metadata (4.1 kB)
Collecting mdurl~=0.1 (from markdown-it-py>=2.2.0->rich<14,>=10.14.0->streamlit==1.25.0->-r /mount/src/public-chatbot/requirements.txt (line 1))
  Downloading mdurl-0.1.2-py3-none-any.whl.metadata (1.6 kB)
Downloading streamlit-1.25.0-py2.py3-none-any.whl (8.1 MB)
   ━━━━━━━━━━━━━━━━━━━━━━━━━━━━━━━━━━━━━━━━ 8.1/8.1 MB 196.9 MB/s eta 0:00:00[2025-03-02 17:47:19.436239] 
Downloading requests-2.31.0-py3-none-any.whl (62 kB)
   ━━━━━━━━━━━━━━━━━━━━━━━━━━━━━━━━━━━━━━━━ 62.6/62.6 kB 100.6 MB/s eta 0:00:00[2025-03-02 17:47:19.450704] 
Downloading altair-5.5.0-py3-none-any.whl (731 kB)
   ━━━━━━━━━━━━━━━━━━━━━━━━━━━━━━━━━━━━━━━ 731.2/731.2 kB 128.9 MB/s eta 0:00:00[2025-03-02 17:47:19.471608] 
Downloading blinker-1.9.0-py3-none-any.whl (8.5 kB)
Downloading cachetools-5.5.2-py3-none-any.whl (10 kB)
Downloading certifi-2025.1.31-py3-none-any.whl (166 kB)
   ━━━━━━━━━━━━━━━━━━━━━━━━━━━━━━━━━━━━━━━ 166.4/166.4 kB 132.3 MB/s eta 0:00:00[2025-03-02 17:47:19.510740] 
Downloading charset_normalizer-3.4.1-cp312-cp312-manylinux_2_17_x86_64.manylinux2014_x86_64.whl (145 kB)
   ━━━━━━━━━━━━━━━━━━━━━━━━━━━━━━━━━━━━━━━ 145.3/145.3 kB 118.5 MB/s eta 0:00:00
Downloading click-8.1.8-py3-none-any.whl (98 kB)
   ━━━━━━━━━━━━━━━━━━━━━━━━━━━━━━━━━━━━━━━━ 98.2/98.2 kB 127.8 MB/s eta 0:00:00[2025-03-02 17:47:19.542868] 
Downloading GitPython-3.1.44-py3-none-any.whl (207 kB)
   ━━━━━━━━━━━━━━━━━━━━━━━━━━━━━━━━━━━━━━━ 207.6/207.6 kB 160.5 MB/s eta 0:00:00[2025-03-02 17:47:19.559238] 
Downloading idna-3.10-py3-none-any.whl (70 kB)
   ━━━━━━━━━━━━━━━━━━━━━━━━━━━━━━━━━━━━━━━━ 70.4/70.4 kB 105.5 MB/s eta 0:00:00[2025-03-02 17:47:19.574793] 
Downloading importlib_metadata-6.11.0-py3-none-any.whl (23 kB)
Downloading numpy-1.26.4-cp312-cp312-manylinux_2_17_x86_64.manylinux2014_x86_64.whl (18.0 MB)
   ━━━━━━━━━━━━━━━━━━━━━━━━━━━━━━━━━━━━━━━━ 18.0/18.0 MB 193.5 MB/s eta 0:00:00[2025-03-02 17:47:19.701083] 
Downloading packaging-23.2-py3-none-any.whl (53 kB)
   ━━━━━━━━━━━━━━━━━━━━━━━━━━━━━━━━━━━━━━━━ 53.0/53.0 kB 136.7 MB/s eta 0:00:00[2025-03-02 17:47:19.715831] 
Downloading pandas-2.2.3-cp312-cp312-manylinux_2_17_x86_64.manylinux2014_x86_64.whl (12.7 MB)
   ━━━━━━━━━━━━━━━━━━━━━━━━━━━━━━━━━━━━━━━━ 12.7/12.7 MB 156.9 MB/s eta 0:00:00[2025-03-02 17:47:19.815392] 
Downloading protobuf-4.25.6-cp37-abi3-manylinux2014_x86_64.whl (294 kB)
   ━━━━━━━━━━━━━━━━━━━━━━━━━━━━━━━━━━━━━━━ 294.6/294.6 kB 214.8 MB/s eta 0:00:00[2025-03-02 17:47:19.830169] 
Downloading pyarrow-19.0.1-cp312-cp312-manylinux_2_28_x86_64.whl (42.1 MB)
   ━━━━━━━━━━━━━━━━━━━━━━━━━━━━━━━━━━━━━━━━ 42.1/42.1 MB 152.3 MB/s eta 0:00:00[2025-03-02 17:47:20.093242] 
Downloading pydeck-0.9.1-py2.py3-none-any.whl (6.9 MB)
   ━━━━━━━━━━━━━━━━━━━━━━━━━━━━━━━━━━━━━━━━ 6.9/6.9 MB 143.1 MB/s eta 0:00:00[2025-03-02 17:47:20.155458] 
Downloading Pympler-1.1-py3-none-any.whl (165 kB)
   ━━━━━━━━━━━━━━━━━━━━━━━━━━━━━━━━━━━━━━━ 165.8/165.8 kB 145.9 MB/s eta 0:00:00[2025-03-02 17:47:20.172458] 
Downloading python_dateutil-2.9.0.post0-py2.py3-none-any.whl (229 kB)
   ━━━━━━━━━━━━━━━━━━━━━━━━━━━━━━━━━━━━━━━ 229.9/229.9 kB 143.7 MB/s eta 0:00:00[2025-03-02 17:47:20.188425] 
Downloading rich-13.9.4-py3-none-any.whl (242 kB)
   ━━━━━━━━━━━━━━━━━━━━━━━━━━━━━━━━━━━━━━━ 242.4/242.4 kB 169.8 MB/s eta 0:00:00[2025-03-02 17:47:20.204895] 
Downloading tenacity-8.5.0-py3-none-any.whl (28 kB)
Downloading toml-0.10.2-py2.py3-none-any.whl (16 kB)
Downloading tornado-6.4.2-cp38-abi3-manylinux_2_5_x86_64.manylinux1_x86_64.manylinux_2_17_x86_64.manylinux2014_x86_64.whl (437 kB)
   ━━━━━━━━━━━━━━━━━━━━━━━━━━━━━━━━━━━━━━━ 437.2/437.2 kB 187.2 MB/s eta 0:00:00[2025-03-02 17:47:20.244020] 
Downloading typing_extensions-4.12.2-py3-none-any.whl (37 kB)
Downloading tzlocal-4.3.1-py3-none-any.whl (20 kB)
Downloading urllib3-2.3.0-py3-none-any.whl (128 kB)
   ━━━━━━━━━━━━━━━━━━━━━━━━━━━━━━━━━━━━━━━ 128.4/128.4 kB 138.9 MB/s eta 0:00:00[2025-03-02 17:47:20.281203] 
Downloading validators-0.34.0-py3-none-any.whl (43 kB)
   ━━━━━━━━━━━━━━━━━━━━━━━━━━━━━━━━━━━━━━━━ 43.5/43.5 kB 113.3 MB/s eta 0:00:00[2025-03-02 17:47:20.296914] 
Downloading watchdog-6.0.0-py3-none-manylinux2014_x86_64.whl (79 kB)
   ━━━━━━━━━━━━━━━━━━━━━━━━━━━━━━━━━━━━━━━━ 79.1/79.1 kB 137.2 MB/s eta 0:00:00[2025-03-02 17:47:20.311443] 
Downloading gitdb-4.0.12-py3-none-any.whl (62 kB)
   ━━━━━━━━━━━━━━━━━━━━━━━━━━━━━━━━━━━━━━━━ 62.8/62.8 kB 138.1 MB/s eta 0:00:00[2025-03-02 17:47:20.326460] 
Downloading jinja2-3.1.5-py3-none-any.whl (134 kB)
   ━━━━━━━━━━━━━━━━━━━━━━━━━━━━━━━━━━━━━━━ 134.6/134.6 kB 173.8 MB/s eta 0:00:00[2025-03-02 17:47:20.341344] 
Downloading jsonschema-4.23.0-py3-none-any.whl (88 kB)
   ━━━━━━━━━━━━━━━━━━━━━━━━━━━━━━━━━━━━━━━━ 88.5/88.5 kB 177.2 MB/s eta 0:00:00[2025-03-02 17:47:20.355278] 
Downloading markdown_it_py-3.0.0-py3-none-any.whl (87 kB)
   ━━━━━━━━━━━━━━━━━━━━━━━━━━━━━━━━━━━━━━━━ 87.5/87.5 kB 185.8 MB/s eta 0:00:00[2025-03-02 17:47:20.369195] 
Downloading narwhals-1.28.0-py3-none-any.whl (308 kB)
   ━━━━━━━━━━━━━━━━━━━━━━━━━━━━━━━━━━━━━━━ 308.9/308.9 kB 211.7 MB/s eta 0:00:00[2025-03-02 17:47:20.383889] 
Downloading pygments-2.19.1-py3-none-any.whl (1.2 MB)
   ━━━━━━━━━━━━━━━━━━━━━━━━━━━━━━━━━━━━━━━━ 1.2/1.2 MB 227.8 MB/s eta 0:00:00[2025-03-02 17:47:20.403853] 
Downloading pytz-2025.1-py2.py3-none-any.whl (507 kB)
   ━━━━━━━━━━━━━━━━━━━━━━━━━━━━━━━━━━━━━━━ 507.9/507.9 kB 158.4 MB/s eta 0:00:00[2025-03-02 17:47:20.422424] 
Downloading six-1.17.0-py2.py3-none-any.whl (11 kB)
Downloading tzdata-2025.1-py2.py3-none-any.whl (346 kB)
   ━━━━━━━━━━━━━━━━━━━━━━━━━━━━━━━━━━━━━━━ 346.8/346.8 kB 183.3 MB/s eta 0:00:00[2025-03-02 17:47:20.448913] 
Downloading zipp-3.21.0-py3-none-any.whl (9.6 kB)
Downloading pytz_deprecation_shim-0.1.0.post0-py2.py3-none-any.whl (15 kB)
Downloading attrs-25.1.0-py3-none-any.whl (63 kB)
   ━━━━━━━━━━━━━━━━━━━━━━━━━━━━━━━━━━━━━━━━ 63.2/63.2 kB 176.5 MB/s eta 0:00:00[2025-03-02 17:47:20.485611] 
Downloading jsonschema_specifications-2024.10.1-py3-none-any.whl (18 kB)
Downloading MarkupSafe-3.0.2-cp312-cp312-manylinux_2_17_x86_64.manylinux2014_x86_64.whl (23 kB)
Downloading mdurl-0.1.2-py3-none-any.whl (10.0 kB)
Downloading referencing-0.36.2-py3-none-any.whl (26 kB)
Downloading rpds_py-0.23.1-cp312-cp312-manylinux_2_17_x86_64.manylinux2014_x86_64.whl (391 kB)
   ━━━━━━━━━━━━━━━━━━━━━━━━━━━━━━━━━━━━━━━ 391.6/391.6 kB 126.5 MB/s eta 0:00:00[2025-03-02 17:47:20.554244] 
Downloading smmap-5.0.2-py3-none-any.whl (24 kB)
Building wheels for collected packages: pillow
  Building wheel for pillow (pyproject.toml): started
  Building wheel for pillow (pyproject.toml): finished with status 'error'
  error: subprocess-exited-with-error
  
  × Building wheel for pillow (pyproject.toml) did not run successfully.
  │ exit code: 1
  ╰─> [204 lines of output]
      running bdist_wheel
      running build
      running build_py
      creating build/lib.linux-x86_64-cpython-312/PIL
      copying src/PIL/IptcImagePlugin.py -> build/lib.linux-x86_64-cpython-312/PIL
      copying src/PIL/MicImagePlugin.py -> build/lib.linux-x86_64-cpython-312/PIL
      copying src/PIL/ImageCms.py -> build/lib.linux-x86_64-cpython-312/PIL
      copying src/PIL/BufrStubImagePlugin.py -> build/lib.linux-x86_64-cpython-312/PIL
      copying src/PIL/_util.py -> build/lib.linux-x86_64-cpython-312/PIL
      copying src/PIL/McIdasImagePlugin.py -> build/lib.linux-x86_64-cpython-312/PIL
      copying src/PIL/PixarImagePlugin.py -> build/lib.linux-x86_64-cpython-312/PIL
      copying src/PIL/PdfParser.py -> build/lib.linux-x86_64-cpython-312/PIL
      copying src/PIL/_binary.py -> build/lib.linux-x86_64-cpython-312/PIL
      copying src/PIL/ImageDraw2.py -> build/lib.linux-x86_64-cpython-312/PIL
      copying src/PIL/IcoImagePlugin.py -> build/lib.linux-x86_64-cpython-312/PIL
      copying src/PIL/FontFile.py -> build/lib.linux-x86_64-cpython-312/PIL
      copying src/PIL/ImtImagePlugin.py -> build/lib.linux-x86_64-cpython-312/PIL
      copying src/PIL/XpmImagePlugin.py -> build/lib.linux-x86_64-cpython-312/PIL
      copying src/PIL/ImageTransform.py -> build/lib.linux-x86_64-cpython-312/PIL
      copying src/PIL/ImageFilter.py -> build/lib.linux-x86_64-cpython-312/PIL
      copying src/PIL/ImageMode.py -> build/lib.linux-x86_64-cpython-312/PIL
      copying src/PIL/ImImagePlugin.py -> build/lib.linux-x86_64-cpython-312/PIL
      copying src/PIL/ImageMath.py -> build/lib.linux-x86_64-cpython-312/PIL
      copying src/PIL/DdsImagePlugin.py -> build/lib.linux-x86_64-cpython-312/PIL
      copying src/PIL/__main__.py -> build/lib.linux-x86_64-cpython-312/PIL
      copying src/PIL/PdfImagePlugin.py -> build/lib.linux-x86_64-cpython-312/PIL
      copying src/PIL/_deprecate.py -> build/lib.linux-x86_64-cpython-312/PIL
      copying src/PIL/SpiderImagePlugin.py -> build/lib.linux-x86_64-cpython-312/PIL
      copying src/PIL/ImageQt.py -> build/lib.linux-x86_64-cpython-312/PIL
      copying src/PIL/ImageEnhance.py -> build/lib.linux-x86_64-cpython-312/PIL
      copying src/PIL/IcnsImagePlugin.py -> build/lib.linux-x86_64-cpython-312/PIL
      copying src/PIL/ImageFont.py -> build/lib.linux-x86_64-cpython-312/PIL
      copying src/PIL/FliImagePlugin.py -> build/lib.linux-x86_64-cpython-312/PIL
      copying src/PIL/EpsImagePlugin.py -> build/lib.linux-x86_64-cpython-312/PIL
      copying src/PIL/FtexImagePlugin.py -> build/lib.linux-x86_64-cpython-312/PIL
      copying src/PIL/Jpeg2KImagePlugin.py -> build/lib.linux-x86_64-cpython-312/PIL
      copying src/PIL/XVThumbImagePlugin.py -> build/lib.linux-x86_64-cpython-312/PIL
      copying src/PIL/XbmImagePlugin.py -> build/lib.linux-x86_64-cpython-312/PIL
      copying src/PIL/ImageFile.py -> build/lib.linux-x86_64-cpython-312/PIL
      copying src/PIL/features.py -> build/lib.linux-x86_64-cpython-312/PIL
      copying src/PIL/ImagePath.py -> build/lib.linux-x86_64-cpython-312/PIL
      copying src/PIL/SgiImagePlugin.py -> build/lib.linux-x86_64-cpython-312/PIL
      copying src/PIL/DcxImagePlugin.py -> build/lib.linux-x86_64-cpython-312/PIL
      copying src/PIL/WmfImagePlugin.py -> build/lib.linux-x86_64-cpython-312/PIL
      copying src/PIL/_tkinter_finder.py -> build/lib.linux-x86_64-cpython-312/PIL
      copying src/PIL/Hdf5StubImagePlugin.py -> build/lib.linux-x86_64-cpython-312/PIL
      copying src/PIL/BdfFontFile.py -> build/lib.linux-x86_64-cpython-312/PIL
      copying src/PIL/ImagePalette.py -> build/lib.linux-x86_64-cpython-312/PIL
      copying src/PIL/PpmImagePlugin.py -> build/lib.linux-x86_64-cpython-312/PIL
      copying src/PIL/ImageStat.py -> build/lib.linux-x86_64-cpython-312/PIL
      copying src/PIL/PSDraw.py -> build/lib.linux-x86_64-cpython-312/PIL
      copying src/PIL/PngImagePlugin.py -> build/lib.linux-x86_64-cpython-312/PIL
      copying src/PIL/JpegImagePlugin.py -> build/lib.linux-x86_64-cpython-312/PIL
      copying src/PIL/QoiImagePlugin.py -> build/lib.linux-x86_64-cpython-312/PIL
      copying src/PIL/ImageColor.py -> build/lib.linux-x86_64-cpython-312/PIL
      copying src/PIL/BmpImagePlugin.py -> build/lib.linux-x86_64-cpython-312/PIL
      copying src/PIL/PsdImagePlugin.py -> build/lib.linux-x86_64-cpython-312/PIL
      copying src/PIL/PcdImagePlugin.py -> build/lib.linux-x86_64-cpython-312/PIL
      copying src/PIL/MpegImagePlugin.py -> build/lib.linux-x86_64-cpython-312/PIL
      copying src/PIL/PalmImagePlugin.py -> build/lib.linux-x86_64-cpython-312/PIL
      copying src/PIL/FitsStubImagePlugin.py -> build/lib.linux-x86_64-cpython-312/PIL
      copying src/PIL/GifImagePlugin.py -> build/lib.linux-x86_64-cpython-312/PIL
      copying src/PIL/PcxImagePlugin.py -> build/lib.linux-x86_64-cpython-312/PIL
      copying src/PIL/WebPImagePlugin.py -> build/lib.linux-x86_64-cpython-312/PIL
      copying src/PIL/FitsImagePlugin.py -> build/lib.linux-x86_64-cpython-312/PIL
      copying src/PIL/ImageDraw.py -> build/lib.linux-x86_64-cpython-312/PIL
      copying src/PIL/TiffImagePlugin.py -> build/lib.linux-x86_64-cpython-312/PIL
      copying src/PIL/SunImagePlugin.py -> build/lib.linux-x86_64-cpython-312/PIL
      copying src/PIL/MpoImagePlugin.py -> build/lib.linux-x86_64-cpython-312/PIL
      copying src/PIL/GdImageFile.py -> build/lib.linux-x86_64-cpython-312/PIL
      copying src/PIL/ImageOps.py -> build/lib.linux-x86_64-cpython-312/PIL
      copying src/PIL/ImageTk.py -> build/lib.linux-x86_64-cpython-312/PIL
      copying src/PIL/MspImagePlugin.py -> build/lib.linux-x86_64-cpython-312/PIL
      copying src/PIL/BlpImagePlugin.py -> build/lib.linux-x86_64-cpython-312/PIL
      copying src/PIL/PyAccess.py -> build/lib.linux-x86_64-cpython-312/PIL
      copying src/PIL/ImageSequence.py -> build/lib.linux-x86_64-cpython-312/PIL
      copying src/PIL/PaletteFile.py -> build/lib.linux-x86_64-cpython-312/PIL
      copying src/PIL/ImageGrab.py -> build/lib.linux-x86_64-cpython-312/PIL
      copying src/PIL/GimpGradientFile.py -> build/lib.linux-x86_64-cpython-312/PIL
      copying src/PIL/ImageShow.py -> build/lib.linux-x86_64-cpython-312/PIL
      copying src/PIL/FpxImagePlugin.py -> build/lib.linux-x86_64-cpython-312/PIL
      copying src/PIL/ImageMorph.py -> build/lib.linux-x86_64-cpython-312/PIL
      copying src/PIL/TgaImagePlugin.py -> build/lib.linux-x86_64-cpython-312/PIL
      copying src/PIL/ImageWin.py -> build/lib.linux-x86_64-cpython-312/PIL
      copying src/PIL/GbrImagePlugin.py -> build/lib.linux-x86_64-cpython-312/PIL
      copying src/PIL/_version.py -> build/lib.linux-x86_64-cpython-312/PIL
      copying src/PIL/GribStubImagePlugin.py -> build/lib.linux-x86_64-cpython-312/PIL
      copying src/PIL/GimpPaletteFile.py -> build/lib.linux-x86_64-cpython-312/PIL
      copying src/PIL/PcfFontFile.py -> build/lib.linux-x86_64-cpython-312/PIL
      copying src/PIL/ImageChops.py -> build/lib.linux-x86_64-cpython-312/PIL
      copying src/PIL/TarIO.py -> build/lib.linux-x86_64-cpython-312/PIL
      copying src/PIL/__init__.py -> build/lib.linux-x86_64-cpython-312/PIL
      copying src/PIL/Image.py -> build/lib.linux-x86_64-cpython-312/PIL
      copying src/PIL/CurImagePlugin.py -> build/lib.linux-x86_64-cpython-312/PIL
      copying src/PIL/TiffTags.py -> build/lib.linux-x86_64-cpython-312/PIL
      copying src/PIL/ContainerIO.py -> build/lib.linux-x86_64-cpython-312/PIL
      copying src/PIL/JpegPresets.py -> build/lib.linux-x86_64-cpython-312/PIL
      copying src/PIL/WalImageFile.py -> build/lib.linux-x86_64-cpython-312/PIL
      copying src/PIL/ExifTags.py -> build/lib.linux-x86_64-cpython-312/PIL
      running egg_info
      writing src/Pillow.egg-info/PKG-INFO
      writing dependency_links to src/Pillow.egg-info/dependency_links.txt
      writing requirements to src/Pillow.egg-info/requires.txt
      writing top-level names to src/Pillow.egg-info/top_level.txt
      reading manifest file 'src/Pillow.egg-info/SOURCES.txt'
      reading manifest template 'MANIFEST.in'
      warning: no files found matching '*.c'
      warning: no files found matching '*.h'
      warning: no files found matching '*.sh'
      warning: no files found matching '*.txt'
      warning: no previously-included files found matching '.appveyor.yml'
      warning: no previously-included files found matching '.clang-format'
      warning: no previously-included files found matching '.coveragerc'
      warning: no previously-included files found matching '.editorconfig'
      warning: no previously-included files found matching '.readthedocs.yml'
      warning: no previously-included files found matching 'codecov.yml'
      warning: no previously-included files found matching 'renovate.json'
      warning: no previously-included files matching '.git*' found anywhere in distribution
      warning: no previously-included files matching '*.pyc' found anywhere in distribution
      warning: no previously-included files matching '*.so' found anywhere in distribution
      no previously-included directories found matching '.ci'
      adding license file 'LICENSE'
      writing manifest file 'src/Pillow.egg-info/SOURCES.txt'
      running build_ext
      
      
      The headers or library files could not be found for zlib,
      a required dependency when compiling Pillow from source.
      
      Please see the install instructions at:
         https://pillow.readthedocs.io/en/latest/installation.html
      
      Traceback (most recent call last):
        File "<string>", line 993, in <module>
        File "/tmp/pip-build-env-rlndz4nv/overlay/lib/python3.12/site-packages/setuptools/__init__.py", line 117, in setup
          return distutils.core.setup(**attrs)
                 ^^^^^^^^^^^^^^^^^^^^^^^^^^^^^
        File "/tmp/pip-build-env-rlndz4nv/overlay/lib/python3.12/site-packages/setuptools/_distutils/core.py", line 186, in setup
          return run_commands(dist)
                 ^^^^^^^^^^^^^^^^^^
        File "/tmp/pip-build-env-rlndz4nv/overlay/lib/python3.12/site-packages/setuptools/_distutils/core.py", line 202, in run_commands
          dist.run_commands()
        File "/tmp/pip-build-env-rlndz4nv/overlay/lib/python3.12/site-packages/setuptools/_distutils/dist.py", line 983, in run_commands
          self.run_command(cmd)
        File "/tmp/pip-build-env-rlndz4nv/overlay/lib/python3.12/site-packages/setuptools/dist.py", line 999, in run_command
          super().run_command(command)
        File "/tmp/pip-build-env-rlndz4nv/overlay/lib/python3.12/site-packages/setuptools/_distutils/dist.py", line 1002, in run_command
          cmd_obj.run()
        File "/tmp/pip-build-env-rlndz4nv/overlay/lib/python3.12/site-packages/setuptools/command/bdist_wheel.py", line 369, in run
          self.run_command("build")
        File "/tmp/pip-build-env-rlndz4nv/overlay/lib/python3.12/site-packages/setuptools/_distutils/cmd.py", line 339, in run_command
          self.distribution.run_command(command)
        File "/tmp/pip-build-env-rlndz4nv/overlay/lib/python3.12/site-packages/setuptools/dist.py", line 999, in run_command
          super().run_command(command)
        File "/tmp/pip-build-env-rlndz4nv/overlay/lib/python3.12/site-packages/setuptools/_distutils/dist.py", line 1002, in run_command
          cmd_obj.run()
        File "/tmp/pip-build-env-rlndz4nv/overlay/lib/python3.12/site-packages/setuptools/_distutils/command/build.py", line 136, in run
          self.run_command(cmd_name)
        File "/tmp/pip-build-env-rlndz4nv/overlay/lib/python3.12/site-packages/setuptools/_distutils/cmd.py", line 339, in run_command
          self.distribution.run_command(command)
        File "/tmp/pip-build-env-rlndz4nv/overlay/lib/python3.12/site-packages/setuptools/dist.py", line 999, in run_command
          super().run_command(command)
        File "/tmp/pip-build-env-rlndz4nv/overlay/lib/python3.12/site-packages/setuptools/_distutils/dist.py", line 1002, in run_command
          cmd_obj.run()
        File "/tmp/pip-build-env-rlndz4nv/overlay/lib/python3.12/site-packages/setuptools/command/build_ext.py", line 99, in run
          _build_ext.run(self)
        File "/tmp/pip-build-env-rlndz4nv/overlay/lib/python3.12/site-packages/setuptools/_distutils/command/build_ext.py", line 365, in run
          self.build_extensions()
        File "<string>", line 809, in build_extensions
      RequiredDependencyException: zlib
      
      During handling of the above exception, another exception occurred:
      
      Traceback (most recent call last):
        File "/home/adminuser/venv/lib/python3.12/site-packages/pip/_vendor/pyproject_hooks/_in_process/_in_process.py", line 353, in <module>
          main()
        File "/home/adminuser/venv/lib/python3.12/site-packages/pip/_vendor/pyproject_hooks/_in_process/_in_process.py", line 335, in main
          json_out['return_val'] = hook(**hook_input['kwargs'])
                                   ^^^^^^^^^^^^^^^^^^^^^^^^^^^^
        File "/home/adminuser/venv/lib/python3.12/site-packages/pip/_vendor/pyproject_hooks/_in_process/_in_process.py", line 251, in build_wheel
          return _build_backend().build_wheel(wheel_directory, config_settings,
                 ^^^^^^^^^^^^^^^^^^^^^^^^^^^^^^^^^^^^^^^^^^^^^^^^^^^^^^^^^^^^^^
        File "/tmp/pip-build-env-rlndz4nv/overlay/lib/python3.12/site-packages/setuptools/build_meta.py", line 438, in build_wheel
          return _build(['bdist_wheel', '--dist-info-dir', str(metadata_directory)])
                 ^^^^^^^^^^^^^^^^^^^^^^^^^^^^^^^^^^^^^^^^^^^^^^^^^^^^^^^^^^^^^^^^^^^
        File "/tmp/pip-build-env-rlndz4nv/overlay/lib/python3.12/site-packages/setuptools/build_meta.py", line 426, in _build
          return self._build_with_temp_dir(
                 ^^^^^^^^^^^^^^^^^^^^^^^^^^
        File "/tmp/pip-build-env-rlndz4nv/overlay/lib/python3.12/site-packages/setuptools/build_meta.py", line 407, in _build_with_temp_dir
          self.run_setup()
        File "/tmp/pip-build-env-rlndz4nv/overlay/lib/python3.12/site-packages/setuptools/build_meta.py", line 522, in run_setup
          super().run_setup(setup_script=setup_script)
        File "/tmp/pip-build-env-rlndz4nv/overlay/lib/python3.12/site-packages/setuptools/build_meta.py", line 320, in run_setup
          exec(code, locals())
        File "<string>", line 1010, in <module>
      RequiredDependencyException:
      
      The headers or library files could not be found for zlib,
      a required dependency when compiling Pillow from source.
      
      Please see the install instructions at:
         https://pillow.readthedocs.io/en/latest/installation.html
      
      
      [end of output]
  
  note: This error originates from a subprocess, and is likely not a problem with pip.
  ERROR: Failed building wheel for pillow
Failed to build pillow
ERROR: Could not build wheels for pillow, which is required to install pyproject.toml-based projects

[notice] A new release of pip is available: 24.0 -> 25.0.1
[notice] To update, run: pip install --upgrade pip
Checking if Streamlit is installed
Installing rich for an improved exception logging
Using standard pip install.
Collecting rich>=10.14.0
  Downloading rich-13.9.4-py3-none-any.whl.metadata (18 kB)
Collecting markdown-it-py>=2.2.0 (from rich>=10.14.0)
  Downloading markdown_it_py-3.0.0-py3-none-any.whl.metadata (6.9 kB)
Collecting pygments<3.0.0,>=2.13.0 (from rich>=10.14.0)
  Downloading pygments-2.19.1-py3-none-any.whl.metadata (2.5 kB)
Collecting mdurl~=0.1 (from markdown-it-py>=2.2.0->rich>=10.14.0)
  Downloading mdurl-0.1.2-py3-none-any.whl.metadata (1.6 kB)
Downloading rich-13.9.4-py3-none-any.whl (242 kB)
   ━━━━━━━━━━━━━━━━━━━━━━━━━━━━━━━━━━━━━━━━ 242.4/242.4 kB 14.1 MB/s eta 0:00:00[2025-03-02 17:47:24.307727] 
Downloading markdown_it_py-3.0.0-py3-none-any.whl (87 kB)
   ━━━━━━━━━━━━━━━━━━━━━━━━━━━━━━━━━━━━━━━━ 87.5/87.5 kB 176.0 MB/s eta 0:00:00[2025-03-02 17:47:24.323693] 
Downloading pygments-2.19.1-py3-none-any.whl (1.2 MB)
   ━━━━━━━━━━━━━━━━━━━━━━━━━━━━━━━━━━━━━━━━ 1.2/1.2 MB 85.2 MB/s eta 0:00:00[2025-03-02 17:47:24.351797] 
Downloading mdurl-0.1.2-py3-none-any.whl (10.0 kB)
Installing collected packages: pygments, mdurl, markdown-it-py, rich
  Attempting uninstall: pygments
    Found existing installation: Pygments 2.19.1
    Uninstalling Pygments-2.19.1:
      Successfully uninstalled Pygments-2.19.1
  Attempting uninstall: mdurl
    Found existing installation: mdurl 0.1.2
    Uninstalling mdurl-0.1.2:
      Successfully uninstalled mdurl-0.1.2
  Attempting uninstall: markdown-it-py
    Found existing installation: markdown-it-py 3.0.0
    Uninstalling markdown-it-py-3.0.0:
      Successfully uninstalled markdown-it-py-3.0.0
  Attempting uninstall: rich
    Found existing installation: rich 13.9.4
    Uninstalling rich-13.9.4:
      Successfully uninstalled rich-13.9.4
Successfully installed markdown-it-py-3.0.0 mdurl-0.1.2 pygments-2.19.1 rich-13.9.4

[notice] A new release of pip is available: 24.0 -> 25.0.1
[notice] To update, run: pip install --upgrade pip

────────────────────────────────────────────────────────────────────────────────────────

[17:47:26] ❗️ installer returned a non-zero exit code
[17:47:26] ❗️ Error during processing dependencies! Please fix the error and push an update, or try restarting the app.